# JRE version: Java(TM) SE Runtime Environment (9.0+11) (build 9.0.4+11)
# Java VM: Java HotSpot(TM) 64-Bit Server VM (9.0.4+11, mixed mode, tiered, compressed oops, g1 gc, windows-amd64)
Heap:
 garbage-first heap   total 196608K, used 105815K [0x0000000700000000, 0x0000000700100600, 0x00000007c0000000)
  region size 1024K, 42 young (43008K), 1 survivors (1024K)
 Metaspace       used 80662K, capacity 83306K, committed 86960K, reserved 1124352K
  class space    used 10413K, capacity 10939K, committed 11696K, reserved 1048576K
GC Heap History (10 events):
Event: 15623.139 GC heap before
{Heap before GC invocations=886 (full 536):
 garbage-first heap   total 196608K, used 65919K [0x0000000700000000, 0x0000000700100600, 0x00000007c0000000)
  region size 1024K, 3 young (3072K), 0 survivors (0K)
 Metaspace       used 80660K, capacity 83306K, committed 86960K, reserved 1124352K
  class space    used 10413K, capacity 10939K, committed 11696K, reserved 1048576K
}
Event: 15623.325 GC heap after
{Heap after GC invocations=887 (full 537):
 garbage-first heap   total 196608K, used 63882K [0x0000000700000000, 0x0000000700100600, 0x00000007c0000000)
  region size 1024K, 0 young (0K), 0 survivors (0K)
 Metaspace       used 80660K, capacity 83306K, committed 86960K, reserved 1124352K
  class space    used 10413K, capacity 10939K, committed 11696K, reserved 1048576K
}
Event: 15671.227 GC heap before
{Heap before GC invocations=887 (full 537):
 garbage-first heap   total 196608K, used 125322K [0x0000000700000000, 0x0000000700100600, 0x00000007c0000000)
  region size 1024K, 60 young (61440K), 0 survivors (0K)
 Metaspace       used 80660K, capacity 83306K, committed 86960K, reserved 1124352K
  class space    used 10413K, capacity 10939K, committed 11696K, reserved 1048576K
}
Event: 15671.234 GC heap after
{Heap after GC invocations=888 (full 537):
 garbage-first heap   total 196608K, used 64387K [0x0000000700000000, 0x0000000700100600, 0x00000007c0000000)
  region size 1024K, 1 young (1024K), 1 survivors (1024K)
 Metaspace       used 80660K, capacity 83306K, committed 86960K, reserved 1124352K
  class space    used 10413K, capacity 10939K, committed 11696K, reserved 1048576K
}
Event: 15736.597 GC heap before
{Heap before GC invocations=888 (full 537):
 garbage-first heap   total 196608K, used 124803K [0x0000000700000000, 0x0000000700100600, 0x00000007c0000000)
  region size 1024K, 60 young (61440K), 1 survivors (1024K)
 Metaspace       used 80660K, capacity 83306K, committed 86960K, reserved 1124352K
  class space    used 10413K, capacity 10939K, committed 11696K, reserved 1048576K
}
Event: 15736.606 GC heap after
{Heap after GC invocations=889 (full 537):
 garbage-first heap   total 196608K, used 64441K [0x0000000700000000, 0x0000000700100600, 0x00000007c0000000)
  region size 1024K, 1 young (1024K), 1 survivors (1024K)
 Metaspace       used 80660K, capacity 83306K, committed 86960K, reserved 1124352K
  class space    used 10413K, capacity 10939K, committed 11696K, reserved 1048576K
}
Event: 15737.777 GC heap before
{Heap before GC invocations=889 (full 537):
 garbage-first heap   total 196608K, used 124857K [0x0000000700000000, 0x0000000700100600, 0x00000007c0000000)
  region size 1024K, 60 young (61440K), 1 survivors (1024K)
 Metaspace       used 80662K, capacity 83306K, committed 86960K, reserved 1124352K
  class space    used 10413K, capacity 10939K, committed 11696K, reserved 1048576K
}
Event: 15737.782 GC heap after
{Heap after GC invocations=890 (full 537):
 garbage-first heap   total 196608K, used 65032K [0x0000000700000000, 0x0000000700100600, 0x00000007c0000000)
  region size 1024K, 2 young (2048K), 2 survivors (2048K)
 Metaspace       used 80662K, capacity 83306K, committed 86960K, reserved 1124352K
  class space    used 10413K, capacity 10939K, committed 11696K, reserved 1048576K
}
Event: 15741.514 GC heap before
{Heap before GC invocations=890 (full 537):
 garbage-first heap   total 196608K, used 124424K [0x0000000700000000, 0x0000000700100600, 0x00000007c0000000)
  region size 1024K, 60 young (61440K), 2 survivors (2048K)
 Metaspace       used 80662K, capacity 83306K, committed 86960K, reserved 1124352K
  class space    used 10413K, capacity 10939K, committed 11696K, reserved 1048576K
}
Event: 15741.520 GC heap after
{Heap after GC invocations=891 (full 537):
 garbage-first heap   total 196608K, used 64855K [0x0000000700000000, 0x0000000700100600, 0x00000007c0000000)
  region size 1024K, 1 young (1024K), 1 survivors (1024K)
 Metaspace       used 80662K, capacity 83306K, committed 86960K, reserved 1124352K
  class space    used 10413K, capacity 10939K, committed 11696K, reserved 1048576K
}

